<?xml version="1.0" encoding="UTF-8"?>
<!-- Generated by org.testng.reporters.JUnitReportReporter -->
<testsuite skipped="0" hostname="ThankYouKrishna" name="com.test.GoogleTitleAssertionTest" tests="2" failures="0" timestamp="2019-11-13T06:51:10 GMT" time="12.927" errors="0">
  <testcase name="googleLogoTest" time="5.874" classname="com.test.GoogleTitleAssertionTest"/>
  <testcase name="googleTitleTest" time="7.053" classname="com.test.GoogleTitleAssertionTest"/>
</testsuite> <!-- com.test.GoogleTitleAssertionTest -->
