<?xml version="1.0" encoding="UTF-8"?>
<!-- Generated by org.testng.reporters.JUnitReportReporter -->
<testsuite skipped="0" hostname="ThankYouKrishna" name="com.test.GoogleTest" tests="5" failures="0" timestamp="2019-11-13T06:51:10 GMT" time="41.683" errors="0">
  <testcase name="test1" time="16.247" classname="com.test.GoogleTest"/>
  <testcase name="test2" time="6.404" classname="com.test.GoogleTest"/>
  <testcase name="googleLogoTest" time="6.486" classname="com.test.GoogleTest"/>
  <testcase name="googleTitleTest" time="6.511" classname="com.test.GoogleTest"/>
  <testcase name="mailLinkTest" time="6.035" classname="com.test.GoogleTest"/>
</testsuite> <!-- com.test.GoogleTest -->
