<?xml version="1.0" encoding="UTF-8"?>
<!-- Generated by org.testng.reporters.JUnitReportReporter -->
<testsuite skipped="0" hostname="ThankYouKrishna" name="com.test.TestNgBasics" tests="1" failures="0" timestamp="2019-11-13T06:39:20 GMT" time="0.190" errors="0">
  <testcase name="googleTitleTest" time="0.190" classname="com.test.TestNgBasics"/>
</testsuite> <!-- com.test.TestNgBasics -->
