<?xml version="1.0" encoding="UTF-8"?>
<!-- Generated by org.testng.reporters.JUnitReportReporter -->
<testsuite skipped="0" hostname="ThankYouKrishna" name="com.test.GoogleTest" tests="5" failures="0" timestamp="2019-11-12T06:07:50 GMT" time="65.020" errors="0">
  <testcase name="test1" time="7.569" classname="com.test.GoogleTest"/>
  <testcase name="googleLogoTest" time="36.855" classname="com.test.GoogleTest"/>
  <testcase name="test2" time="7.662" classname="com.test.GoogleTest"/>
  <testcase name="googleTitleTest" time="6.657" classname="com.test.GoogleTest"/>
  <testcase name="mailLinkTest" time="6.277" classname="com.test.GoogleTest"/>
</testsuite> <!-- com.test.GoogleTest -->
