<?xml version="1.0" encoding="UTF-8"?>
<!-- Generated by org.testng.reporters.JUnitReportReporter -->
<testsuite skipped="0" hostname="ThankYouKrishna" name="com.test.GoogleTitleAssertionTest" tests="2" failures="0" timestamp="2019-11-13T07:04:23 GMT" time="12.546" errors="0">
  <testcase name="googleLogoTest" time="5.987" classname="com.test.GoogleTitleAssertionTest"/>
  <testcase name="googleTitleTest" time="6.559" classname="com.test.GoogleTitleAssertionTest"/>
</testsuite> <!-- com.test.GoogleTitleAssertionTest -->
