<?xml version="1.0" encoding="UTF-8"?>
<!-- Generated by org.testng.reporters.JUnitReportReporter -->
<testsuite skipped="0" hostname="ThankYouKrishna" name="com.test.ExpectedExceptionsTest" tests="1" failures="0" timestamp="2019-11-13T07:04:23 GMT" time="0.000" errors="0">
  <testcase name="divison" time="0.000" classname="com.test.ExpectedExceptionsTest"/>
</testsuite> <!-- com.test.ExpectedExceptionsTest -->
