<?xml version="1.0" encoding="UTF-8"?>
<!-- Generated by org.testng.reporters.JUnitReportReporter -->
<testsuite skipped="0" hostname="ThankYouKrishna" name="com.test.GoogleTest" tests="5" failures="0" timestamp="2019-11-13T07:04:23 GMT" time="35.398" errors="0">
  <testcase name="test1" time="8.824" classname="com.test.GoogleTest"/>
  <testcase name="test2" time="7.703" classname="com.test.GoogleTest"/>
  <testcase name="googleLogoTest" time="6.325" classname="com.test.GoogleTest"/>
  <testcase name="googleTitleTest" time="6.341" classname="com.test.GoogleTest"/>
  <testcase name="mailLinkTest" time="6.205" classname="com.test.GoogleTest"/>
</testsuite> <!-- com.test.GoogleTest -->
