<?xml version="1.0" encoding="UTF-8"?>
<!-- Generated by org.testng.reporters.JUnitReportReporter -->
<testsuite skipped="0" hostname="ThankYouKrishna" name="com.test.InvocationCountTest" tests="5" failures="0" timestamp="2019-11-13T06:39:20 GMT" time="3.665" errors="0">
  <testcase name="sum" time="0.132" classname="com.test.InvocationCountTest"/>
  <testcase name="sum" time="0.540" classname="com.test.InvocationCountTest"/>
  <testcase name="sum" time="1.335" classname="com.test.InvocationCountTest"/>
  <testcase name="sum" time="1.624" classname="com.test.InvocationCountTest"/>
  <testcase name="sum" time="0.034" classname="com.test.InvocationCountTest"/>
</testsuite> <!-- com.test.InvocationCountTest -->
